<?xml version="1.0" encoding="UTF-8"?>
<!-- Generated by org.testng.reporters.JUnitReportReporter -->
<testsuite name="sample.Demo1" tests="1" time="0.010" ignored="0" failures="0" timestamp="23 Nov 2017 05:29:12 GMT" skipped="0" hostname="IBM225-PC0DGLJZ" errors="0">
  <testcase name="display" time="0.010" classname="sample.Demo1"/>
</testsuite> <!-- sample.Demo1 -->
